<?xml version="1.0" encoding="UTF-8"?>
<testng-results ignored="0" total="5" passed="4" failed="1" skipped="0">
  <reporter-output>
  </reporter-output>
  <suite started-at="2022-11-04T15:11:41 IST" name="Default suite" finished-at="2022-11-04T15:11:45 IST" duration-ms="4342">
    <groups>
      <group name="cucumber">
        <method signature="AbstractTestNGCucumberTests.runScenario(io.cucumber.testng.PickleWrapper,io.cucumber.testng.FeatureWrapper)[pri:0, instance:Runner.RunnerAll@3d74bf60]" name="runScenario" class="io.cucumber.testng.AbstractTestNGCucumberTests"/>
      </group> <!-- cucumber -->
    </groups>
    <test started-at="2022-11-04T15:11:41 IST" name="Default test" finished-at="2022-11-04T15:11:45 IST" duration-ms="4342">
      <class name="Runner.RunnerAll">
        <test-method is-config="true" signature="setUpClass()[pri:0, instance:Runner.RunnerAll@3d74bf60]" started-at="2022-11-04T15:11:41 IST" name="setUpClass" finished-at="2022-11-04T15:11:41 IST" duration-ms="476" status="PASS">
          <reporter-output>
          </reporter-output>
        </test-method> <!-- setUpClass -->
        <test-method signature="runScenario(io.cucumber.testng.PickleWrapper,io.cucumber.testng.FeatureWrapper)[pri:0, instance:Runner.RunnerAll@3d74bf60]" started-at="2022-11-04T15:11:41 IST" name="runScenario" description="Runs Cucumber Scenarios" data-provider="scenarios" finished-at="2022-11-04T15:11:44 IST" duration-ms="3032" status="PASS">
          <params>
            <param index="0">
              <value>
                <![CDATA["User wants to get the Single Data by using mallid"]]>
              </value>
            </param>
            <param index="1">
              <value>
                <![CDATA["Optional[User is able to get the Singledata by using get mall Details]"]]>
              </value>
            </param>
          </params>
          <reporter-output>
          </reporter-output>
        </test-method> <!-- runScenario -->
        <test-method signature="runScenario(io.cucumber.testng.PickleWrapper,io.cucumber.testng.FeatureWrapper)[pri:0, instance:Runner.RunnerAll@3d74bf60]" started-at="2022-11-04T15:11:44 IST" name="runScenario" description="Runs Cucumber Scenarios" data-provider="scenarios" finished-at="2022-11-04T15:11:45 IST" duration-ms="477" status="PASS">
          <params>
            <param index="0">
              <value>
                <![CDATA["User wants to create or post the data"]]>
              </value>
            </param>
            <param index="1">
              <value>
                <![CDATA["Optional[User is able to post the data in the database]"]]>
              </value>
            </param>
          </params>
          <reporter-output>
          </reporter-output>
        </test-method> <!-- runScenario -->
        <test-method signature="runScenario(io.cucumber.testng.PickleWrapper,io.cucumber.testng.FeatureWrapper)[pri:0, instance:Runner.RunnerAll@3d74bf60]" started-at="2022-11-04T15:11:45 IST" name="runScenario" description="Runs Cucumber Scenarios" data-provider="scenarios" finished-at="2022-11-04T15:11:45 IST" duration-ms="64" status="FAIL">
          <params>
            <param index="0">
              <value>
                <![CDATA["Delete Request to delete a user details by using ID in the admin Database"]]>
              </value>
            </param>
            <param index="1">
              <value>
                <![CDATA["Optional[I am testing the delete Request for  City Api]"]]>
              </value>
            </param>
          </params>
          <exception class="java.lang.AssertionError">
            <message>
              <![CDATA[1 expectation failed.
Expected status line "HTTP/1.1 200 " doesn't match actual status line "HTTP/1.1 404 ".
]]>
            </message>
            <full-stacktrace>
              <![CDATA[java.lang.AssertionError: 1 expectation failed.
Expected status line "HTTP/1.1 200 " doesn't match actual status line "HTTP/1.1 404 ".

at java.base/jdk.internal.reflect.NativeConstructorAccessorImpl.newInstance0(Native Method)
at java.base/jdk.internal.reflect.NativeConstructorAccessorImpl.newInstance(NativeConstructorAccessorImpl.java:62)
at java.base/jdk.internal.reflect.DelegatingConstructorAccessorImpl.newInstance(DelegatingConstructorAccessorImpl.java:45)
at java.base/java.lang.reflect.Constructor.newInstanceWithCaller(Constructor.java:500)
at java.base/java.lang.reflect.Constructor.newInstance(Constructor.java:481)
at org.codehaus.groovy.reflection.CachedConstructor.invoke(CachedConstructor.java:72)
at org.codehaus.groovy.reflection.CachedConstructor.doConstructorInvoke(CachedConstructor.java:59)
at org.codehaus.groovy.runtime.callsite.ConstructorSite$ConstructorSiteNoUnwrap.callConstructor(ConstructorSite.java:84)
at org.codehaus.groovy.runtime.callsite.CallSiteArray.defaultCallConstructor(CallSiteArray.java:59)
at org.codehaus.groovy.runtime.callsite.AbstractCallSite.callConstructor(AbstractCallSite.java:263)
at org.codehaus.groovy.runtime.callsite.AbstractCallSite.callConstructor(AbstractCallSite.java:277)
at io.restassured.internal.ResponseSpecificationImpl$HamcrestAssertionClosure.validate(ResponseSpecificationImpl.groovy:493)
at io.restassured.internal.ResponseSpecificationImpl$HamcrestAssertionClosure$validate$1.call(Unknown Source)
at io.restassured.internal.ResponseSpecificationImpl.validateResponseIfRequired(ResponseSpecificationImpl.groovy:674)
at java.base/jdk.internal.reflect.NativeMethodAccessorImpl.invoke0(Native Method)
at java.base/jdk.internal.reflect.NativeMethodAccessorImpl.invoke(NativeMethodAccessorImpl.java:62)
at java.base/jdk.internal.reflect.DelegatingMethodAccessorImpl.invoke(DelegatingMethodAccessorImpl.java:43)
at java.base/java.lang.reflect.Method.invoke(Method.java:564)
at org.codehaus.groovy.runtime.callsite.PlainObjectMetaMethodSite.doInvoke(PlainObjectMetaMethodSite.java:43)
at org.codehaus.groovy.runtime.callsite.PogoMetaMethodSite$PogoCachedMethodSiteNoUnwrapNoCoerce.invoke(PogoMetaMethodSite.java:193)
at org.codehaus.groovy.runtime.callsite.PogoMetaMethodSite.callCurrent(PogoMetaMethodSite.java:61)
at org.codehaus.groovy.runtime.callsite.AbstractCallSite.callCurrent(AbstractCallSite.java:185)
at io.restassured.internal.ResponseSpecificationImpl.statusLine(ResponseSpecificationImpl.groovy:139)
at io.restassured.specification.ResponseSpecification$statusLine$2.callCurrent(Unknown Source)
at io.restassured.internal.ResponseSpecificationImpl.statusLine(ResponseSpecificationImpl.groovy:254)
at io.restassured.internal.ValidatableResponseOptionsImpl.statusLine(ValidatableResponseOptionsImpl.java:99)
at io.restassured.internal.ValidatableResponseImpl.super$2$statusLine(ValidatableResponseImpl.groovy)
at java.base/jdk.internal.reflect.NativeMethodAccessorImpl.invoke0(Native Method)
at java.base/jdk.internal.reflect.NativeMethodAccessorImpl.invoke(NativeMethodAccessorImpl.java:62)
at java.base/jdk.internal.reflect.DelegatingMethodAccessorImpl.invoke(DelegatingMethodAccessorImpl.java:43)
at java.base/java.lang.reflect.Method.invoke(Method.java:564)
at org.codehaus.groovy.reflection.CachedMethod.invoke(CachedMethod.java:107)
at groovy.lang.MetaMethod.doMethodInvoke(MetaMethod.java:323)
at groovy.lang.MetaClassImpl.invokeMethod(MetaClassImpl.java:1268)
at org.codehaus.groovy.runtime.ScriptBytecodeAdapter.invokeMethodOnSuperN(ScriptBytecodeAdapter.java:144)
at io.restassured.internal.ValidatableResponseImpl.statusLine(ValidatableResponseImpl.groovy:154)
at io.restassured.internal.ValidatableResponseImpl.statusLine(ValidatableResponseImpl.groovy)
at StepDefination.DeleteOperation.to_checking_the_status_code_as_and_status_line_as(DeleteOperation.java:25)
at âœ½.To checking  the status code as 200 and status line as  "HTTP/1.1 200 "(file:///C:/project_spring_boot/ShoppingMallCucumber/./src/test/java/ShoppingMallFile/delete.feature:4)
]]>
            </full-stacktrace>
          </exception> <!-- java.lang.AssertionError -->
          <reporter-output>
          </reporter-output>
        </test-method> <!-- runScenario -->
        <test-method signature="runScenario(io.cucumber.testng.PickleWrapper,io.cucumber.testng.FeatureWrapper)[pri:0, instance:Runner.RunnerAll@3d74bf60]" started-at="2022-11-04T15:11:45 IST" name="runScenario" description="Runs Cucumber Scenarios" data-provider="scenarios" finished-at="2022-11-04T15:11:45 IST" duration-ms="71" status="PASS">
          <params>
            <param index="0">
              <value>
                <![CDATA["User wants to get the all data by using mallid"]]>
              </value>
            </param>
            <param index="1">
              <value>
                <![CDATA["Optional[User is able to get the all data by using getall mall details]"]]>
              </value>
            </param>
          </params>
          <reporter-output>
          </reporter-output>
        </test-method> <!-- runScenario -->
        <test-method signature="runScenario(io.cucumber.testng.PickleWrapper,io.cucumber.testng.FeatureWrapper)[pri:0, instance:Runner.RunnerAll@3d74bf60]" started-at="2022-11-04T15:11:45 IST" name="runScenario" description="Runs Cucumber Scenarios" data-provider="scenarios" finished-at="2022-11-04T15:11:45 IST" duration-ms="132" status="PASS">
          <params>
            <param index="0">
              <value>
                <![CDATA["User wants to update the data"]]>
              </value>
            </param>
            <param index="1">
              <value>
                <![CDATA["Optional[User is able to update the data by Performing put action]"]]>
              </value>
            </param>
          </params>
          <reporter-output>
          </reporter-output>
        </test-method> <!-- runScenario -->
        <test-method is-config="true" signature="tearDownClass()[pri:0, instance:Runner.RunnerAll@3d74bf60]" started-at="2022-11-04T15:11:45 IST" name="tearDownClass" finished-at="2022-11-04T15:11:45 IST" duration-ms="9" status="PASS">
          <reporter-output>
          </reporter-output>
        </test-method> <!-- tearDownClass -->
      </class> <!-- Runner.RunnerAll -->
    </test> <!-- Default test -->
  </suite> <!-- Default suite -->
</testng-results>
